<?xml version="1.0" encoding="UTF-8"?>
<!-- Generated by org.testng.reporters.JUnitXMLReporter -->
<testsuite ignored="1" hostname="test-Precision-5820-Tower" failures="0" tests="1" name="Default test" time="79.858" errors="0" timestamp="03 Sep 2019 07:14:42 GMT">
  <testcase classname="com.mainapp.tests.HomePageTest" name="verifySystemOperationsTest" time="74.364"/>
  <testcase classname="com.mainapp.tests.HomePageTest" name="verifyHomePageTitleTest" time="0.0">
    <ignored/>
  </testcase> <!-- verifyHomePageTitleTest -->
</testsuite> <!-- Default test -->
