<?xml version="1.0" encoding="UTF-8"?>
<testng-results ignored="1" total="2" passed="1" failed="0" skipped="0">
  <reporter-output>
  </reporter-output>
  <suite started-at="2019-09-03T07:13:22Z" name="Default suite" finished-at="2019-09-03T07:14:42Z" duration-ms="79858">
    <groups>
    </groups>
    <test started-at="2019-09-03T07:13:22Z" name="Default test" finished-at="2019-09-03T07:14:42Z" duration-ms="79858">
      <class name="com.mainapp.tests.HomePageTest">
        <test-method is-config="true" signature="setUp()[pri:0, instance:com.mainapp.tests.HomePageTest@75f32542]" started-at="2019-09-03T07:13:22Z" name="setUp" finished-at="2019-09-03T07:13:28Z" duration-ms="5482" status="PASS">
          <reporter-output>
          </reporter-output>
        </test-method> <!-- setUp -->
        <test-method signature="verifySystemOperationsTest()[pri:3, instance:com.mainapp.tests.HomePageTest@75f32542]" started-at="2019-09-03T07:13:28Z" name="verifySystemOperationsTest" finished-at="2019-09-03T07:14:42Z" duration-ms="74364" status="PASS">
          <reporter-output>
          </reporter-output>
        </test-method> <!-- verifySystemOperationsTest -->
        <test-method is-config="true" signature="tearDown()[pri:0, instance:com.mainapp.tests.HomePageTest@75f32542]" started-at="2019-09-03T07:14:42Z" name="tearDown" finished-at="2019-09-03T07:14:42Z" duration-ms="0" status="PASS">
          <reporter-output>
          </reporter-output>
        </test-method> <!-- tearDown -->
      </class> <!-- com.mainapp.tests.HomePageTest -->
    </test> <!-- Default test -->
  </suite> <!-- Default suite -->
</testng-results>
