<?xml version="1.0" encoding="UTF-8"?>
<!-- Generated by org.testng.reporters.JUnitXMLReporter -->
<testsuite ignored="1" hostname="test-Precision-5820-Tower" failures="0" tests="5" name="BIO UI Verification " time="99.976" errors="0" timestamp="03 Sep 2019 03:33:16 GMT">
  <testcase classname="com.mainapp.tests.LoginPageTest" name="companyLogoTest" time="0.156"/>
  <testcase classname="com.mainapp.tests.LoginPageTest" name="setPageColorTest" time="2.156"/>
  <testcase classname="com.mainapp.tests.LoginPageTest" name="loginTest" time="0.691"/>
  <testcase classname="com.mainapp.tests.LoginPageTest" name="loginPageTitleTest" time="0.006"/>
  <testcase classname="com.mainapp.tests.HomePageTest" name="verifySystemOperationsTest" time="36.694"/>
  <testcase classname="com.mainapp.tests.HomePageTest" name="verifyHomePageTitleTest" time="0.0">
    <ignored/>
  </testcase> <!-- verifyHomePageTitleTest -->
</testsuite> <!-- BIO UI Verification  -->
